<?xml version="1.0" encoding="UTF-8"?>
<coverage generated="1547508989221" clover="3.2.0">
  <project timestamp="1547508989221" name="All files">
    <metrics statements="200" coveredstatements="188" conditionals="61" coveredconditionals="48" methods="49" coveredmethods="47" elements="310" coveredelements="283" complexity="0" loc="200" ncloc="200" packages="10" files="15" classes="15">
      <package name="src">
        <metrics statements="4" coveredstatements="4" conditionals="0" coveredconditionals="0" methods="0" coveredmethods="0"/>
        <file name="index.ts" path="/home/deepak/Desktop/crushers/cop/theorems/src/index.ts">
          <metrics statements="4" coveredstatements="4" conditionals="0" coveredconditionals="0" methods="0" coveredmethods="0"/>
          <line num="1" count="1" type="stmt"/>
          <line num="3" count="1" type="stmt"/>
          <line num="6" count="1" type="stmt"/>
          <line num="7" count="1" type="stmt"/>
        </file>
      </package>
      <package name="src.enums">
        <metrics statements="6" coveredstatements="6" conditionals="2" coveredconditionals="2" methods="1" coveredmethods="1"/>
        <file name="SortOrder.ts" path="/home/deepak/Desktop/crushers/cop/theorems/src/enums/SortOrder.ts">
          <metrics statements="4" coveredstatements="4" conditionals="2" coveredconditionals="2" methods="1" coveredmethods="1"/>
          <line num="1" count="1" type="cond" truecount="2" falsecount="0"/>
          <line num="2" count="1" type="stmt"/>
          <line num="3" count="1" type="stmt"/>
          <line num="6" count="1" type="stmt"/>
        </file>
        <file name="index.ts" path="/home/deepak/Desktop/crushers/cop/theorems/src/enums/index.ts">
          <metrics statements="2" coveredstatements="2" conditionals="0" coveredconditionals="0" methods="0" coveredmethods="0"/>
          <line num="1" count="1" type="stmt"/>
          <line num="4" count="1" type="stmt"/>
        </file>
      </package>
      <package name="src.exceptions">
        <metrics statements="5" coveredstatements="5" conditionals="2" coveredconditionals="1" methods="2" coveredmethods="2"/>
        <file name="CompareNotImplemented.ts" path="/home/deepak/Desktop/crushers/cop/theorems/src/exceptions/CompareNotImplemented.ts">
          <metrics statements="3" coveredstatements="3" conditionals="2" coveredconditionals="1" methods="2" coveredmethods="2"/>
          <line num="1" count="1" type="stmt"/>
          <line num="5" count="1" type="stmt"/>
          <line num="7" count="1" type="stmt"/>
        </file>
        <file name="index.ts" path="/home/deepak/Desktop/crushers/cop/theorems/src/exceptions/index.ts">
          <metrics statements="2" coveredstatements="2" conditionals="0" coveredconditionals="0" methods="0" coveredmethods="0"/>
          <line num="1" count="1" type="stmt"/>
          <line num="4" count="1" type="stmt"/>
        </file>
      </package>
      <package name="src.helpers">
        <metrics statements="2" coveredstatements="2" conditionals="3" coveredconditionals="3" methods="1" coveredmethods="1"/>
        <file name="types.ts" path="/home/deepak/Desktop/crushers/cop/theorems/src/helpers/types.ts">
          <metrics statements="2" coveredstatements="2" conditionals="3" coveredconditionals="3" methods="1" coveredmethods="1"/>
          <line num="1" count="1" type="stmt"/>
          <line num="3" count="15209" type="cond" truecount="3" falsecount="0"/>
        </file>
      </package>
      <package name="src.interfaces">
        <metrics statements="4" coveredstatements="4" conditionals="0" coveredconditionals="0" methods="2" coveredmethods="2"/>
        <file name="IComparable.ts" path="/home/deepak/Desktop/crushers/cop/theorems/src/interfaces/IComparable.ts">
          <metrics statements="4" coveredstatements="4" conditionals="0" coveredconditionals="0" methods="2" coveredmethods="2"/>
          <line num="7" count="1" type="stmt"/>
          <line num="8" count="85" type="stmt"/>
          <line num="11" count="1" type="stmt"/>
          <line num="12" count="27" type="stmt"/>
        </file>
      </package>
      <package name="src.ml.models">
        <metrics statements="22" coveredstatements="15" conditionals="6" coveredconditionals="4" methods="7" coveredmethods="5"/>
        <file name="BaseEstimator.ts" path="/home/deepak/Desktop/crushers/cop/theorems/src/ml/models/BaseEstimator.ts">
          <metrics statements="6" coveredstatements="0" conditionals="0" coveredconditionals="0" methods="2" coveredmethods="0"/>
          <line num="4" count="0" type="stmt"/>
          <line num="7" count="0" type="stmt"/>
          <line num="8" count="0" type="stmt"/>
          <line num="9" count="0" type="stmt"/>
          <line num="13" count="0" type="stmt"/>
          <line num="15" count="0" type="stmt"/>
        </file>
        <file name="BasePredictor.ts" path="/home/deepak/Desktop/crushers/cop/theorems/src/ml/models/BasePredictor.ts">
          <metrics statements="16" coveredstatements="15" conditionals="6" coveredconditionals="4" methods="5" coveredmethods="5"/>
          <line num="6" count="1" type="stmt"/>
          <line num="9" count="1" type="stmt"/>
          <line num="13" count="1" type="stmt"/>
          <line num="14" count="1" type="stmt"/>
          <line num="17" count="1" type="stmt"/>
          <line num="18" count="1" type="stmt"/>
          <line num="21" count="1" type="stmt"/>
          <line num="22" count="1" type="stmt"/>
          <line num="23" count="1" type="cond" truecount="1" falsecount="1"/>
          <line num="24" count="1" type="stmt"/>
          <line num="26" count="1" type="stmt"/>
          <line num="31" count="1" type="stmt"/>
          <line num="32" count="1" type="cond" truecount="3" falsecount="1"/>
          <line num="33" count="0" type="stmt"/>
          <line num="36" count="1" type="stmt"/>
          <line num="38" count="1" type="stmt"/>
        </file>
      </package>
      <package name="src.ml.models.regression.linear">
        <metrics statements="30" coveredstatements="29" conditionals="2" coveredconditionals="1" methods="10" coveredmethods="10"/>
        <file name="ols.ts" path="/home/deepak/Desktop/crushers/cop/theorems/src/ml/models/regression/linear/ols.ts">
          <metrics statements="30" coveredstatements="29" conditionals="2" coveredconditionals="1" methods="10" coveredmethods="10"/>
          <line num="5" count="1" type="stmt"/>
          <line num="7" count="1" type="stmt"/>
          <line num="9" count="1" type="stmt"/>
          <line num="11" count="1" type="stmt"/>
          <line num="12" count="3" type="stmt"/>
          <line num="15" count="1" type="stmt"/>
          <line num="16" count="5" type="stmt"/>
          <line num="20" count="1" type="stmt"/>
          <line num="21" count="1" type="stmt"/>
          <line num="22" count="1" type="stmt"/>
          <line num="23" count="1" type="stmt"/>
          <line num="26" count="1" type="stmt"/>
          <line num="27" count="1" type="cond" truecount="1" falsecount="1"/>
          <line num="28" count="0" type="stmt"/>
          <line num="30" count="3" type="stmt"/>
          <line num="33" count="1" type="stmt"/>
          <line num="34" count="1" type="stmt"/>
          <line num="35" count="1" type="stmt"/>
          <line num="36" count="1" type="stmt"/>
          <line num="40" count="1" type="stmt"/>
          <line num="41" count="1" type="stmt"/>
          <line num="46" count="1" type="stmt"/>
          <line num="50" count="1" type="stmt"/>
          <line num="51" count="1" type="stmt"/>
          <line num="54" count="1" type="stmt"/>
          <line num="55" count="3" type="stmt"/>
          <line num="56" count="3" type="stmt"/>
          <line num="57" count="6" type="stmt"/>
          <line num="60" count="1" type="stmt"/>
          <line num="62" count="1" type="stmt"/>
        </file>
      </package>
      <package name="src.ml.utils">
        <metrics statements="78" coveredstatements="74" conditionals="24" coveredconditionals="16" methods="15" coveredmethods="15"/>
        <file name="Matrix.ts" path="/home/deepak/Desktop/crushers/cop/theorems/src/ml/utils/Matrix.ts">
          <metrics statements="71" coveredstatements="67" conditionals="24" coveredconditionals="16" methods="11" coveredmethods="11"/>
          <line num="5" count="2" type="stmt"/>
          <line num="6" count="2" type="stmt"/>
          <line num="7" count="4" type="stmt"/>
          <line num="8" count="4" type="stmt"/>
          <line num="9" count="4" type="stmt"/>
          <line num="10" count="12" type="stmt"/>
          <line num="11" count="12" type="stmt"/>
          <line num="12" count="29" type="stmt"/>
          <line num="15" count="4" type="stmt"/>
          <line num="18" count="2" type="stmt"/>
          <line num="19" count="2" type="stmt"/>
          <line num="20" count="2" type="cond" truecount="1" falsecount="1"/>
          <line num="21" count="0" type="stmt"/>
          <line num="23" count="2" type="stmt"/>
          <line num="24" count="2" type="stmt"/>
          <line num="25" count="2" type="stmt"/>
          <line num="26" count="2" type="stmt"/>
          <line num="27" count="5" type="stmt"/>
          <line num="28" count="13" type="cond" truecount="2" falsecount="0"/>
          <line num="29" count="8" type="stmt"/>
          <line num="30" count="8" type="stmt"/>
          <line num="31" count="44" type="stmt"/>
          <line num="36" count="2" type="stmt"/>
          <line num="37" count="2" type="stmt"/>
          <line num="38" count="5" type="cond" truecount="2" falsecount="0"/>
          <line num="39" count="3" type="stmt"/>
          <line num="42" count="2" type="cond" truecount="1" falsecount="1"/>
          <line num="43" count="0" type="stmt"/>
          <line num="45" count="2" type="stmt"/>
          <line num="46" count="5" type="stmt"/>
          <line num="47" count="5" type="stmt"/>
          <line num="48" count="26" type="stmt"/>
          <line num="51" count="2" type="stmt"/>
          <line num="54" count="2" type="cond" truecount="3" falsecount="3"/>
          <line num="55" count="5" type="stmt"/>
          <line num="58" count="2" type="stmt"/>
          <line num="59" count="2" type="stmt"/>
          <line num="60" count="2" type="stmt"/>
          <line num="61" count="2" type="cond" truecount="3" falsecount="1"/>
          <line num="62" count="0" type="stmt"/>
          <line num="64" count="5" type="stmt"/>
          <line num="67" count="2" type="stmt"/>
          <line num="68" count="18" type="stmt"/>
          <line num="69" count="18" type="stmt"/>
          <line num="72" count="2" type="stmt"/>
          <line num="73" count="4" type="stmt"/>
          <line num="74" count="4" type="stmt"/>
          <line num="75" count="4" type="cond" truecount="1" falsecount="1"/>
          <line num="76" count="0" type="stmt"/>
          <line num="78" count="4" type="stmt"/>
          <line num="79" count="4" type="stmt"/>
          <line num="80" count="9" type="stmt"/>
          <line num="81" count="25" type="stmt"/>
          <line num="82" count="68" type="stmt"/>
          <line num="86" count="4" type="stmt"/>
          <line num="89" count="8" type="cond" truecount="1" falsecount="1"/>
          <line num="90" count="4" type="stmt"/>
          <line num="91" count="4" type="stmt"/>
          <line num="92" count="9" type="stmt"/>
          <line num="93" count="9" type="stmt"/>
          <line num="94" count="25" type="stmt"/>
          <line num="97" count="4" type="stmt"/>
          <line num="100" count="2" type="stmt"/>
          <line num="101" count="2" type="stmt"/>
          <line num="102" count="2" type="stmt"/>
          <line num="103" count="5" type="stmt"/>
          <line num="104" count="5" type="stmt"/>
          <line num="105" count="13" type="cond" truecount="2" falsecount="0"/>
          <line num="108" count="2" type="stmt"/>
          <line num="110" count="2" type="stmt"/>
          <line num="112" count="2" type="stmt"/>
        </file>
        <file name="Utils.ts" path="/home/deepak/Desktop/crushers/cop/theorems/src/ml/utils/Utils.ts">
          <metrics statements="7" coveredstatements="7" conditionals="0" coveredconditionals="0" methods="4" coveredmethods="4"/>
          <line num="3" count="1" type="stmt"/>
          <line num="4" count="1" type="stmt"/>
          <line num="5" count="5" type="stmt"/>
          <line num="8" count="1" type="stmt"/>
          <line num="9" count="6" type="stmt"/>
          <line num="11" count="1" type="stmt"/>
          <line num="13" count="1" type="stmt"/>
        </file>
      </package>
      <package name="src.sorting">
        <metrics statements="35" coveredstatements="35" conditionals="18" coveredconditionals="17" methods="8" coveredmethods="8"/>
        <file name="AbstractSorter.ts" path="/home/deepak/Desktop/crushers/cop/theorems/src/sorting/AbstractSorter.ts">
          <metrics statements="33" coveredstatements="33" conditionals="18" coveredconditionals="17" methods="8" coveredmethods="8"/>
          <line num="1" count="1" type="stmt"/>
          <line num="2" count="1" type="stmt"/>
          <line num="3" count="1" type="stmt"/>
          <line num="4" count="1" type="stmt"/>
          <line num="7" count="1" type="stmt"/>
          <line num="9" count="1" type="stmt"/>
          <line num="10" count="15174" type="stmt"/>
          <line num="14" count="7" type="stmt"/>
          <line num="20" count="13" type="cond" truecount="2" falsecount="0"/>
          <line num="21" count="7" type="stmt"/>
          <line num="24" count="1" type="stmt"/>
          <line num="25" count="1" type="stmt"/>
          <line num="28" count="1" type="stmt"/>
          <line num="29" count="13" type="stmt"/>
          <line num="30" count="13" type="stmt"/>
          <line num="31" count="12" type="stmt"/>
          <line num="36" count="1" type="stmt"/>
          <line num="38" count="15209" type="cond" truecount="2" falsecount="0"/>
          <line num="39" count="15151" type="cond" truecount="3" falsecount="1"/>
          <line num="40" count="58" type="cond" truecount="4" falsecount="0"/>
          <line num="41" count="27" type="stmt"/>
          <line num="42" count="31" type="cond" truecount="2" falsecount="0"/>
          <line num="43" count="30" type="stmt"/>
          <line num="45" count="1" type="stmt"/>
          <line num="47" count="15208" type="cond" truecount="2" falsecount="0"/>
          <line num="48" count="34" type="stmt"/>
          <line num="50" count="15174" type="cond" truecount="2" falsecount="0"/>
          <line num="53" count="1" type="stmt"/>
          <line num="54" count="14886" type="stmt"/>
          <line num="55" count="14886" type="stmt"/>
          <line num="56" count="14886" type="stmt"/>
          <line num="59" count="1" type="stmt"/>
          <line num="61" count="1" type="stmt"/>
        </file>
        <file name="index.ts" path="/home/deepak/Desktop/crushers/cop/theorems/src/sorting/index.ts">
          <metrics statements="2" coveredstatements="2" conditionals="0" coveredconditionals="0" methods="0" coveredmethods="0"/>
          <line num="1" count="1" type="stmt"/>
          <line num="4" count="1" type="stmt"/>
        </file>
      </package>
      <package name="src.sorting.bubble">
        <metrics statements="14" coveredstatements="14" conditionals="4" coveredconditionals="4" methods="3" coveredmethods="3"/>
        <file name="BubbleSort.ts" path="/home/deepak/Desktop/crushers/cop/theorems/src/sorting/bubble/BubbleSort.ts">
          <metrics statements="14" coveredstatements="14" conditionals="4" coveredconditionals="4" methods="3" coveredmethods="3"/>
          <line num="3" count="1" type="stmt"/>
          <line num="24" count="1" type="stmt"/>
          <line num="29" count="1" type="stmt"/>
          <line num="30" count="15" type="stmt"/>
          <line num="31" count="15" type="stmt"/>
          <line num="32" count="330" type="stmt"/>
          <line num="33" count="330" type="stmt"/>
          <line num="34" count="15209" type="cond" truecount="2" falsecount="0"/>
          <line num="35" count="14886" type="stmt"/>
          <line num="36" count="14886" type="stmt"/>
          <line num="39" count="329" type="stmt"/>
          <line num="41" count="14" type="stmt"/>
          <line num="44" count="1" type="stmt"/>
          <line num="46" count="1" type="stmt"/>
        </file>
      </package>
    </metrics>
  </project>
</coverage>
