<?xml version="1.0" encoding="UTF-8"?>
<coverage generated="1547065110515" clover="3.2.0">
  <project timestamp="1547065110515" name="All files">
    <metrics statements="70" coveredstatements="70" conditionals="29" coveredconditionals="27" methods="17" coveredmethods="17" elements="116" coveredelements="114" complexity="0" loc="70" ncloc="70" packages="7" files="10" classes="10">
      <package name="src">
        <metrics statements="4" coveredstatements="4" conditionals="0" coveredconditionals="0" methods="0" coveredmethods="0"/>
        <file name="index.ts" path="/home/deepak/Desktop/crushers/cop/theorems/src/index.ts">
          <metrics statements="4" coveredstatements="4" conditionals="0" coveredconditionals="0" methods="0" coveredmethods="0"/>
          <line num="1" count="1" type="stmt"/>
          <line num="3" count="1" type="stmt"/>
          <line num="6" count="1" type="stmt"/>
          <line num="7" count="1" type="stmt"/>
        </file>
      </package>
      <package name="src.enums">
        <metrics statements="6" coveredstatements="6" conditionals="2" coveredconditionals="2" methods="1" coveredmethods="1"/>
        <file name="SortOrder.ts" path="/home/deepak/Desktop/crushers/cop/theorems/src/enums/SortOrder.ts">
          <metrics statements="4" coveredstatements="4" conditionals="2" coveredconditionals="2" methods="1" coveredmethods="1"/>
          <line num="1" count="1" type="cond" truecount="2" falsecount="0"/>
          <line num="2" count="1" type="stmt"/>
          <line num="3" count="1" type="stmt"/>
          <line num="6" count="1" type="stmt"/>
        </file>
        <file name="index.ts" path="/home/deepak/Desktop/crushers/cop/theorems/src/enums/index.ts">
          <metrics statements="2" coveredstatements="2" conditionals="0" coveredconditionals="0" methods="0" coveredmethods="0"/>
          <line num="1" count="1" type="stmt"/>
          <line num="4" count="1" type="stmt"/>
        </file>
      </package>
      <package name="src.exceptions">
        <metrics statements="5" coveredstatements="5" conditionals="2" coveredconditionals="1" methods="2" coveredmethods="2"/>
        <file name="CompareNotImplemented.ts" path="/home/deepak/Desktop/crushers/cop/theorems/src/exceptions/CompareNotImplemented.ts">
          <metrics statements="3" coveredstatements="3" conditionals="2" coveredconditionals="1" methods="2" coveredmethods="2"/>
          <line num="1" count="1" type="stmt"/>
          <line num="5" count="1" type="stmt"/>
          <line num="7" count="1" type="stmt"/>
        </file>
        <file name="index.ts" path="/home/deepak/Desktop/crushers/cop/theorems/src/exceptions/index.ts">
          <metrics statements="2" coveredstatements="2" conditionals="0" coveredconditionals="0" methods="0" coveredmethods="0"/>
          <line num="1" count="1" type="stmt"/>
          <line num="4" count="1" type="stmt"/>
        </file>
      </package>
      <package name="src.helpers">
        <metrics statements="2" coveredstatements="2" conditionals="3" coveredconditionals="3" methods="1" coveredmethods="1"/>
        <file name="types.ts" path="/home/deepak/Desktop/crushers/cop/theorems/src/helpers/types.ts">
          <metrics statements="2" coveredstatements="2" conditionals="3" coveredconditionals="3" methods="1" coveredmethods="1"/>
          <line num="1" count="1" type="stmt"/>
          <line num="3" count="15209" type="cond" truecount="3" falsecount="0"/>
        </file>
      </package>
      <package name="src.interfaces">
        <metrics statements="4" coveredstatements="4" conditionals="0" coveredconditionals="0" methods="2" coveredmethods="2"/>
        <file name="IComparable.ts" path="/home/deepak/Desktop/crushers/cop/theorems/src/interfaces/IComparable.ts">
          <metrics statements="4" coveredstatements="4" conditionals="0" coveredconditionals="0" methods="2" coveredmethods="2"/>
          <line num="7" count="1" type="stmt"/>
          <line num="8" count="85" type="stmt"/>
          <line num="11" count="1" type="stmt"/>
          <line num="12" count="27" type="stmt"/>
        </file>
      </package>
      <package name="src.sorting">
        <metrics statements="35" coveredstatements="35" conditionals="18" coveredconditionals="17" methods="8" coveredmethods="8"/>
        <file name="AbstractSorter.ts" path="/home/deepak/Desktop/crushers/cop/theorems/src/sorting/AbstractSorter.ts">
          <metrics statements="33" coveredstatements="33" conditionals="18" coveredconditionals="17" methods="8" coveredmethods="8"/>
          <line num="1" count="1" type="stmt"/>
          <line num="2" count="1" type="stmt"/>
          <line num="3" count="1" type="stmt"/>
          <line num="4" count="1" type="stmt"/>
          <line num="7" count="1" type="stmt"/>
          <line num="9" count="1" type="stmt"/>
          <line num="10" count="15178" type="stmt"/>
          <line num="14" count="7" type="stmt"/>
          <line num="20" count="13" type="cond" truecount="2" falsecount="0"/>
          <line num="21" count="7" type="stmt"/>
          <line num="24" count="1" type="stmt"/>
          <line num="25" count="1" type="stmt"/>
          <line num="28" count="1" type="stmt"/>
          <line num="29" count="13" type="stmt"/>
          <line num="30" count="13" type="stmt"/>
          <line num="31" count="12" type="stmt"/>
          <line num="36" count="1" type="stmt"/>
          <line num="38" count="15209" type="cond" truecount="2" falsecount="0"/>
          <line num="39" count="15151" type="cond" truecount="3" falsecount="1"/>
          <line num="40" count="58" type="cond" truecount="4" falsecount="0"/>
          <line num="41" count="27" type="stmt"/>
          <line num="42" count="31" type="cond" truecount="2" falsecount="0"/>
          <line num="43" count="30" type="stmt"/>
          <line num="45" count="1" type="stmt"/>
          <line num="47" count="15208" type="cond" truecount="2" falsecount="0"/>
          <line num="48" count="30" type="stmt"/>
          <line num="50" count="15178" type="cond" truecount="2" falsecount="0"/>
          <line num="53" count="1" type="stmt"/>
          <line num="54" count="14888" type="stmt"/>
          <line num="55" count="14888" type="stmt"/>
          <line num="56" count="14888" type="stmt"/>
          <line num="59" count="1" type="stmt"/>
          <line num="61" count="1" type="stmt"/>
        </file>
        <file name="index.ts" path="/home/deepak/Desktop/crushers/cop/theorems/src/sorting/index.ts">
          <metrics statements="2" coveredstatements="2" conditionals="0" coveredconditionals="0" methods="0" coveredmethods="0"/>
          <line num="1" count="1" type="stmt"/>
          <line num="4" count="1" type="stmt"/>
        </file>
      </package>
      <package name="src.sorting.bubble">
        <metrics statements="14" coveredstatements="14" conditionals="4" coveredconditionals="4" methods="3" coveredmethods="3"/>
        <file name="BubbleSort.ts" path="/home/deepak/Desktop/crushers/cop/theorems/src/sorting/bubble/BubbleSort.ts">
          <metrics statements="14" coveredstatements="14" conditionals="4" coveredconditionals="4" methods="3" coveredmethods="3"/>
          <line num="3" count="1" type="stmt"/>
          <line num="24" count="1" type="stmt"/>
          <line num="29" count="1" type="stmt"/>
          <line num="30" count="15" type="stmt"/>
          <line num="31" count="15" type="stmt"/>
          <line num="32" count="330" type="stmt"/>
          <line num="33" count="330" type="stmt"/>
          <line num="34" count="15209" type="cond" truecount="2" falsecount="0"/>
          <line num="35" count="14888" type="stmt"/>
          <line num="36" count="14888" type="stmt"/>
          <line num="39" count="329" type="stmt"/>
          <line num="41" count="14" type="stmt"/>
          <line num="44" count="1" type="stmt"/>
          <line num="46" count="1" type="stmt"/>
        </file>
      </package>
    </metrics>
  </project>
</coverage>
