{"/home/deepak/Desktop/crushers/cop/theorems/src/index.ts": {"path":"/home/deepak/Desktop/crushers/cop/theorems/src/index.ts","statementMap":{"0":{"start":{"line":1,"column":0},"end":{"line":1,"column":36}},"1":{"start":{"line":7,"column":4},"end":{"line":7,"column":14}},"2":{"start":{"line":2,"column":0},"end":{"line":2,"column":33}},"3":{"start":{"line":6,"column":4},"end":{"line":6,"column":13}}},"fnMap":{},"branchMap":{},"s":{"0":1,"1":1,"2":1,"3":1},"f":{},"b":{}}
,"/home/deepak/Desktop/crushers/cop/theorems/src/enums/SortOrder.ts": {"path":"/home/deepak/Desktop/crushers/cop/theorems/src/enums/SortOrder.ts","statementMap":{"0":{"start":{"line":1,"column":0},"end":{"line":4,"column":1}},"1":{"start":{"line":2,"column":4},"end":{"line":2,"column":11}},"2":{"start":{"line":3,"column":4},"end":{"line":3,"column":12}},"3":{"start":{"line":6,"column":0},"end":{"line":6,"column":25}}},"fnMap":{"0":{"name":"(anonymous_0)","decl":{"start":{"line":1,"column":0},"end":{"line":1,"column":4}},"loc":{"start":{"line":1,"column":14},"end":{"line":4,"column":1}}}},"branchMap":{"0":{"loc":{"start":{"line":1,"column":5},"end":{"line":1,"column":14}},"type":"binary-expr","locations":[{"start":{"line":1,"column":5},"end":{"line":1,"column":14}},{"start":{"line":1,"column":5},"end":{"line":1,"column":14}}]}},"s":{"0":1,"1":1,"2":1,"3":1},"f":{"0":1},"b":{"0":[1,1]}}
,"/home/deepak/Desktop/crushers/cop/theorems/src/enums/index.ts": {"path":"/home/deepak/Desktop/crushers/cop/theorems/src/enums/index.ts","statementMap":{"0":{"start":{"line":1,"column":0},"end":{"line":1,"column":35}},"1":{"start":{"line":4,"column":4},"end":{"line":4,"column":13}}},"fnMap":{},"branchMap":{},"s":{"0":1,"1":1},"f":{},"b":{}}
,"/home/deepak/Desktop/crushers/cop/theorems/src/exceptions/CompareNotImplemented.ts": {"path":"/home/deepak/Desktop/crushers/cop/theorems/src/exceptions/CompareNotImplemented.ts","statementMap":{"0":{"start":{"line":1,"column":0},"end":{"line":1,"column":50}},"1":{"start":{"line":1,"column":45},"end":{"line":1,"column":50}},"2":{"start":{"line":5,"column":0},"end":{"line":5,"column":1}},"3":{"start":{"line":7,"column":0},"end":{"line":7,"column":46}}},"fnMap":{"0":{"name":"(anonymous_6)","decl":{"start":{"line":1,"column":0},"end":{"line":null,"column":-1}},"loc":{"start":{"line":1,"column":0},"end":{"line":1,"column":-1}}},"1":{"name":"CompareNotImplementedException","decl":{"start":{"line":2,"column":4},"end":{"line":null,"column":-1}},"loc":{"start":{"line":2,"column":4},"end":{"line":4,"column":5}}}},"branchMap":{"0":{"loc":{"start":{"line":3,"column":8},"end":{"line":3,"column":52}},"type":"binary-expr","locations":[{"start":{"line":3,"column":8},"end":{"line":3,"column":52}},{"start":{"line":3,"column":52},"end":{"line":null,"column":-1}}]}},"s":{"0":1,"1":1,"2":1,"3":1},"f":{"0":1,"1":2},"b":{"0":[2,0]}}
,"/home/deepak/Desktop/crushers/cop/theorems/src/exceptions/index.ts": {"path":"/home/deepak/Desktop/crushers/cop/theorems/src/exceptions/index.ts","statementMap":{"0":{"start":{"line":1,"column":0},"end":{"line":1,"column":68}},"1":{"start":{"line":4,"column":4},"end":{"line":4,"column":34}}},"fnMap":{},"branchMap":{},"s":{"0":1,"1":1},"f":{},"b":{}}
,"/home/deepak/Desktop/crushers/cop/theorems/src/interfaces/IComparable.ts": {"path":"/home/deepak/Desktop/crushers/cop/theorems/src/interfaces/IComparable.ts","statementMap":{"0":{"start":{"line":8,"column":4},"end":{"line":8,"column":56}},"1":{"start":{"line":7,"column":0},"end":{"line":9,"column":1}},"2":{"start":{"line":12,"column":4},"end":{"line":12,"column":26}},"3":{"start":{"line":11,"column":0},"end":{"line":13,"column":1}}},"fnMap":{"0":{"name":"isComparable","decl":{"start":{"line":7,"column":16},"end":{"line":7,"column":28}},"loc":{"start":{"line":7,"column":39},"end":{"line":9,"column":1}}},"1":{"name":"compare","decl":{"start":{"line":11,"column":16},"end":{"line":11,"column":23}},"loc":{"start":{"line":11,"column":54},"end":{"line":13,"column":1}}}},"branchMap":{},"s":{"0":85,"1":1,"2":27,"3":1},"f":{"0":85,"1":27},"b":{}}
,"/home/deepak/Desktop/crushers/cop/theorems/src/sorting/AbstractSorter.ts": {"path":"/home/deepak/Desktop/crushers/cop/theorems/src/sorting/AbstractSorter.ts","statementMap":{"0":{"start":{"line":1,"column":0},"end":{"line":1,"column":22}},"1":{"start":{"line":2,"column":0},"end":{"line":2,"column":42}},"2":{"start":{"line":3,"column":0},"end":{"line":3,"column":99}},"3":{"start":{"line":5,"column":0},"end":{"line":5,"column":60}},"4":{"start":{"line":7,"column":0},"end":{"line":64,"column":0}},"5":{"start":{"line":19,"column":26},"end":{"line":19,"column":58}},"6":{"start":{"line":20,"column":8},"end":{"line":20,"column":28}},"7":{"start":{"line":11,"column":4},"end":{"line":13,"column":5}},"8":{"start":{"line":12,"column":8},"end":{"line":12,"column":27}},"9":{"start":{"line":16,"column":8},"end":{"line":16,"column":28}},"10":{"start":{"line":23,"column":4},"end":{"line":25,"column":5}},"11":{"start":{"line":24,"column":8},"end":{"line":24,"column":33}},"12":{"start":{"line":27,"column":14},"end":{"line":48,"column":5}},"13":{"start":{"line":29,"column":8},"end":{"line":46,"column":9}},"14":{"start":{"line":30,"column":12},"end":{"line":32,"column":13}},"15":{"start":{"line":31,"column":16},"end":{"line":31,"column":25}},"16":{"start":{"line":33,"column":12},"end":{"line":33,"column":36}},"17":{"start":{"line":35,"column":13},"end":{"line":46,"column":9}},"18":{"start":{"line":36,"column":12},"end":{"line":36,"column":35}},"19":{"start":{"line":37,"column":12},"end":{"line":39,"column":13}},"20":{"start":{"line":38,"column":16},"end":{"line":38,"column":25}},"21":{"start":{"line":41,"column":13},"end":{"line":46,"column":9}},"22":{"start":{"line":42,"column":12},"end":{"line":42,"column":45}},"23":{"start":{"line":45,"column":12},"end":{"line":45,"column":55}},"24":{"start":{"line":47,"column":8},"end":{"line":47,"column":90}},"25":{"start":{"line":50,"column":14},"end":{"line":54,"column":5}},"26":{"start":{"line":51,"column":41},"end":{"line":51,"column":49}},"27":{"start":{"line":52,"column":8},"end":{"line":52,"column":28}},"28":{"start":{"line":53,"column":8},"end":{"line":53,"column":24}},"29":{"start":{"line":56,"column":11},"end":{"line":60,"column":5}},"30":{"start":{"line":57,"column":19},"end":{"line":57,"column":28}},"31":{"start":{"line":58,"column":8},"end":{"line":58,"column":32}},"32":{"start":{"line":59,"column":8},"end":{"line":59,"column":21}},"33":{"start":{"line":64,"column":0},"end":{"line":64,"column":1}},"34":{"start":{"line":66,"column":0},"end":{"line":66,"column":30}}},"fnMap":{"0":{"name":"(anonymous_3)","decl":{"start":{"line":7,"column":0},"end":{"line":null,"column":-1}},"loc":{"start":{"line":7,"column":0},"end":{"line":7,"column":-1}}},"1":{"name":"AbstractSorter","decl":{"start":{"line":19,"column":4},"end":{"line":19,"column":25}},"loc":{"start":{"line":19,"column":58},"end":{"line":21,"column":5}}},"2":{"name":"(anonymous_5)","decl":{"start":{"line":11,"column":4},"end":{"line":null,"column":-1}},"loc":{"start":{"line":11,"column":4},"end":{"line":13,"column":5}}},"3":{"name":"(anonymous_6)","decl":{"start":{"line":15,"column":4},"end":{"line":15,"column":20}},"loc":{"start":{"line":15,"column":37},"end":{"line":17,"column":5}}},"4":{"name":"(anonymous_7)","decl":{"start":{"line":23,"column":4},"end":{"line":23,"column":15}},"loc":{"start":{"line":23,"column":57},"end":{"line":25,"column":5}}},"5":{"name":"(anonymous_8)","decl":{"start":{"line":27,"column":4},"end":{"line":27,"column":21}},"loc":{"start":{"line":27,"column":66},"end":{"line":48,"column":5}}},"6":{"name":"(anonymous_9)","decl":{"start":{"line":50,"column":4},"end":{"line":50,"column":18}},"loc":{"start":{"line":50,"column":62},"end":{"line":54,"column":5}}},"7":{"name":"(anonymous_10)","decl":{"start":{"line":56,"column":4},"end":{"line":56,"column":15}},"loc":{"start":{"line":56,"column":33},"end":{"line":60,"column":5}}}},"branchMap":{"0":{"loc":{"start":{"line":19,"column":26},"end":{"line":19,"column":58}},"type":"if","locations":[{"start":{"line":19,"column":26},"end":{"line":19,"column":58}},{"start":{"line":19,"column":26},"end":{"line":19,"column":58}}]},"1":{"loc":{"start":{"line":29,"column":8},"end":{"line":46,"column":9}},"type":"if","locations":[{"start":{"line":29,"column":8},"end":{"line":46,"column":9}},{"start":{"line":29,"column":8},"end":{"line":46,"column":9}}]},"2":{"loc":{"start":{"line":29,"column":12},"end":{"line":29,"column":25}},"type":"binary-expr","locations":[{"start":{"line":29,"column":12},"end":{"line":29,"column":25}},{"start":{"line":29,"column":29},"end":{"line":29,"column":42}},{"start":{"line":29,"column":46},"end":{"line":29,"column":60}}]},"3":{"loc":{"start":{"line":30,"column":12},"end":{"line":32,"column":13}},"type":"if","locations":[{"start":{"line":30,"column":12},"end":{"line":32,"column":13}},{"start":{"line":30,"column":12},"end":{"line":32,"column":13}}]},"4":{"loc":{"start":{"line":33,"column":29},"end":{"line":33,"column":30}},"type":"cond-expr","locations":[{"start":{"line":33,"column":29},"end":{"line":33,"column":30}},{"start":{"line":33,"column":33},"end":{"line":33,"column":35}}]},"5":{"loc":{"start":{"line":35,"column":13},"end":{"line":46,"column":9}},"type":"if","locations":[{"start":{"line":35,"column":13},"end":{"line":46,"column":9}},{"start":{"line":35,"column":13},"end":{"line":46,"column":9}}]},"6":{"loc":{"start":{"line":35,"column":17},"end":{"line":35,"column":32}},"type":"binary-expr","locations":[{"start":{"line":35,"column":17},"end":{"line":35,"column":32}},{"start":{"line":35,"column":36},"end":{"line":35,"column":51}}]},"7":{"loc":{"start":{"line":37,"column":12},"end":{"line":39,"column":13}},"type":"if","locations":[{"start":{"line":37,"column":12},"end":{"line":39,"column":13}},{"start":{"line":37,"column":12},"end":{"line":39,"column":13}}]},"8":{"loc":{"start":{"line":41,"column":13},"end":{"line":46,"column":9}},"type":"if","locations":[{"start":{"line":41,"column":13},"end":{"line":46,"column":9}},{"start":{"line":41,"column":13},"end":{"line":46,"column":9}}]},"9":{"loc":{"start":{"line":47,"column":47},"end":{"line":47,"column":53}},"type":"cond-expr","locations":[{"start":{"line":47,"column":47},"end":{"line":47,"column":53}},{"start":{"line":47,"column":56},"end":{"line":47,"column":67}}]}},"s":{"0":1,"1":1,"2":1,"3":1,"4":1,"5":13,"6":7,"7":1,"8":15178,"9":7,"10":1,"11":1,"12":1,"13":15209,"14":15151,"15":28,"16":15123,"17":58,"18":27,"19":27,"20":2,"21":31,"22":30,"23":1,"24":15178,"25":1,"26":14888,"27":14888,"28":14888,"29":1,"30":13,"31":13,"32":12,"33":1,"34":1},"f":{"0":1,"1":7,"2":15178,"3":7,"4":1,"5":15209,"6":14888,"7":13},"b":{"0":[6,1],"1":[15151,58],"2":[15209,15205,58],"3":[28,15123],"4":[0,15123],"5":[27,31],"6":[58,27],"7":[2,25],"8":[30,1],"9":[305,14873]}}
,"/home/deepak/Desktop/crushers/cop/theorems/src/sorting/index.ts": {"path":"/home/deepak/Desktop/crushers/cop/theorems/src/sorting/index.ts","statementMap":{"0":{"start":{"line":1,"column":0},"end":{"line":1,"column":44}},"1":{"start":{"line":4,"column":4},"end":{"line":4,"column":14}}},"fnMap":{},"branchMap":{},"s":{"0":1,"1":1},"f":{},"b":{}}
,"/home/deepak/Desktop/crushers/cop/theorems/src/sorting/bubble/BubbleSort.ts": {"path":"/home/deepak/Desktop/crushers/cop/theorems/src/sorting/bubble/BubbleSort.ts","statementMap":{"0":{"start":{"line":1,"column":0},"end":{"line":1,"column":46}},"1":{"start":{"line":24,"column":0},"end":{"line":24,"column":45}},"2":{"start":{"line":24,"column":31},"end":{"line":24,"column":51}},"3":{"start":{"line":30,"column":4},"end":{"line":43,"column":5}},"4":{"start":{"line":31,"column":16},"end":{"line":31,"column":28}},"5":{"start":{"line":32,"column":8},"end":{"line":41,"column":25}},"6":{"start":{"line":33,"column":20},"end":{"line":33,"column":21}},"7":{"start":{"line":34,"column":12},"end":{"line":39,"column":13}},"8":{"start":{"line":35,"column":16},"end":{"line":38,"column":17}},"9":{"start":{"line":36,"column":20},"end":{"line":36,"column":47}},"10":{"start":{"line":37,"column":20},"end":{"line":37,"column":26}},"11":{"start":{"line":40,"column":12},"end":{"line":40,"column":18}},"12":{"start":{"line":42,"column":8},"end":{"line":42,"column":21}},"13":{"start":{"line":45,"column":0},"end":{"line":45,"column":1}},"14":{"start":{"line":47,"column":0},"end":{"line":47,"column":26}}},"fnMap":{"0":{"name":"(anonymous_7)","decl":{"start":{"line":24,"column":0},"end":{"line":null,"column":-1}},"loc":{"start":{"line":24,"column":0},"end":{"line":24,"column":-1}}},"1":{"name":"BubbleSort","decl":{"start":{"line":25,"column":4},"end":{"line":25,"column":15}},"loc":{"start":{"line":25,"column":33},"end":{"line":27,"column":5}}},"2":{"name":"(anonymous_9)","decl":{"start":{"line":30,"column":4},"end":{"line":30,"column":15}},"loc":{"start":{"line":30,"column":37},"end":{"line":43,"column":5}}}},"branchMap":{"0":{"loc":{"start":{"line":26,"column":8},"end":{"line":26,"column":20}},"type":"binary-expr","locations":[{"start":{"line":26,"column":8},"end":{"line":26,"column":20}},{"start":{"line":26,"column":20},"end":{"line":null,"column":-1}}]},"1":{"loc":{"start":{"line":35,"column":16},"end":{"line":38,"column":17}},"type":"if","locations":[{"start":{"line":35,"column":16},"end":{"line":38,"column":17}},{"start":{"line":35,"column":16},"end":{"line":38,"column":17}}]}},"s":{"0":1,"1":1,"2":1,"3":1,"4":15,"5":15,"6":330,"7":330,"8":15209,"9":14888,"10":14888,"11":329,"12":14,"13":1,"14":1},"f":{"0":1,"1":7,"2":15},"b":{"0":[7,7],"1":[14888,320]}}
}
