{"/home/deepak/Desktop/crushers/cop/theorems/src/index.ts": {"path":"/home/deepak/Desktop/crushers/cop/theorems/src/index.ts","statementMap":{"0":{"start":{"line":1,"column":0},"end":{"line":1,"column":33}},"1":{"start":{"line":6,"column":4},"end":{"line":6,"column":13}},"2":{"start":{"line":3,"column":0},"end":{"line":3,"column":36}},"3":{"start":{"line":7,"column":4},"end":{"line":7,"column":14}}},"fnMap":{},"branchMap":{},"s":{"0":1,"1":1,"2":1,"3":1},"f":{},"b":{}}
,"/home/deepak/Desktop/crushers/cop/theorems/src/enums/SortOrder.ts": {"path":"/home/deepak/Desktop/crushers/cop/theorems/src/enums/SortOrder.ts","statementMap":{"0":{"start":{"line":1,"column":0},"end":{"line":4,"column":1}},"1":{"start":{"line":2,"column":4},"end":{"line":2,"column":11}},"2":{"start":{"line":3,"column":4},"end":{"line":3,"column":12}},"3":{"start":{"line":6,"column":0},"end":{"line":6,"column":25}}},"fnMap":{"0":{"name":"(anonymous_0)","decl":{"start":{"line":1,"column":0},"end":{"line":1,"column":4}},"loc":{"start":{"line":1,"column":14},"end":{"line":4,"column":1}}}},"branchMap":{"0":{"loc":{"start":{"line":1,"column":5},"end":{"line":1,"column":14}},"type":"binary-expr","locations":[{"start":{"line":1,"column":5},"end":{"line":1,"column":14}},{"start":{"line":1,"column":5},"end":{"line":1,"column":14}}]}},"s":{"0":1,"1":1,"2":1,"3":1},"f":{"0":1},"b":{"0":[1,1]}}
,"/home/deepak/Desktop/crushers/cop/theorems/src/enums/index.ts": {"path":"/home/deepak/Desktop/crushers/cop/theorems/src/enums/index.ts","statementMap":{"0":{"start":{"line":1,"column":0},"end":{"line":1,"column":35}},"1":{"start":{"line":4,"column":4},"end":{"line":4,"column":13}}},"fnMap":{},"branchMap":{},"s":{"0":1,"1":1},"f":{},"b":{}}
,"/home/deepak/Desktop/crushers/cop/theorems/src/exceptions/CompareNotImplemented.ts": {"path":"/home/deepak/Desktop/crushers/cop/theorems/src/exceptions/CompareNotImplemented.ts","statementMap":{"0":{"start":{"line":1,"column":0},"end":{"line":1,"column":50}},"1":{"start":{"line":1,"column":45},"end":{"line":1,"column":50}},"2":{"start":{"line":5,"column":0},"end":{"line":5,"column":1}},"3":{"start":{"line":7,"column":0},"end":{"line":7,"column":46}}},"fnMap":{"0":{"name":"(anonymous_6)","decl":{"start":{"line":1,"column":0},"end":{"line":null,"column":-1}},"loc":{"start":{"line":1,"column":0},"end":{"line":1,"column":-1}}},"1":{"name":"CompareNotImplementedException","decl":{"start":{"line":2,"column":4},"end":{"line":null,"column":-1}},"loc":{"start":{"line":2,"column":4},"end":{"line":4,"column":5}}}},"branchMap":{"0":{"loc":{"start":{"line":3,"column":8},"end":{"line":3,"column":52}},"type":"binary-expr","locations":[{"start":{"line":3,"column":8},"end":{"line":3,"column":52}},{"start":{"line":3,"column":52},"end":{"line":null,"column":-1}}]}},"s":{"0":1,"1":1,"2":1,"3":1},"f":{"0":1,"1":2},"b":{"0":[2,0]}}
,"/home/deepak/Desktop/crushers/cop/theorems/src/exceptions/index.ts": {"path":"/home/deepak/Desktop/crushers/cop/theorems/src/exceptions/index.ts","statementMap":{"0":{"start":{"line":1,"column":0},"end":{"line":1,"column":68}},"1":{"start":{"line":4,"column":4},"end":{"line":4,"column":34}}},"fnMap":{},"branchMap":{},"s":{"0":1,"1":1},"f":{},"b":{}}
,"/home/deepak/Desktop/crushers/cop/theorems/src/helpers/types.ts": {"path":"/home/deepak/Desktop/crushers/cop/theorems/src/helpers/types.ts","statementMap":{"0":{"start":{"line":1,"column":0},"end":{"line":1,"column":22}},"1":{"start":{"line":3,"column":13},"end":{"line":3,"column":104}},"2":{"start":{"line":3,"column":43},"end":{"line":3,"column":103}}},"fnMap":{"0":{"name":"(anonymous_1)","decl":{"start":{"line":3,"column":27},"end":{"line":3,"column":27}},"loc":{"start":{"line":3,"column":38},"end":{"line":3,"column":103}}}},"branchMap":{"0":{"loc":{"start":{"line":3,"column":43},"end":{"line":3,"column":60}},"type":"binary-expr","locations":[{"start":{"line":3,"column":43},"end":{"line":3,"column":60}},{"start":{"line":3,"column":64},"end":{"line":3,"column":81}},{"start":{"line":3,"column":85},"end":{"line":3,"column":103}}]}},"s":{"0":1,"1":1,"2":15209},"f":{"0":15209},"b":{"0":[15209,15205,58]}}
,"/home/deepak/Desktop/crushers/cop/theorems/src/interfaces/IComparable.ts": {"path":"/home/deepak/Desktop/crushers/cop/theorems/src/interfaces/IComparable.ts","statementMap":{"0":{"start":{"line":8,"column":4},"end":{"line":8,"column":58}},"1":{"start":{"line":7,"column":0},"end":{"line":9,"column":1}},"2":{"start":{"line":12,"column":4},"end":{"line":12,"column":26}},"3":{"start":{"line":11,"column":0},"end":{"line":13,"column":1}}},"fnMap":{"0":{"name":"isComparable","decl":{"start":{"line":7,"column":16},"end":{"line":7,"column":28}},"loc":{"start":{"line":7,"column":39},"end":{"line":9,"column":1}}},"1":{"name":"compare","decl":{"start":{"line":11,"column":16},"end":{"line":11,"column":23}},"loc":{"start":{"line":11,"column":54},"end":{"line":13,"column":1}}}},"branchMap":{},"s":{"0":85,"1":1,"2":27,"3":1},"f":{"0":85,"1":27},"b":{}}
,"/home/deepak/Desktop/crushers/cop/theorems/src/sorting/AbstractSorter.ts": {"path":"/home/deepak/Desktop/crushers/cop/theorems/src/sorting/AbstractSorter.ts","statementMap":{"0":{"start":{"line":1,"column":0},"end":{"line":1,"column":42}},"1":{"start":{"line":2,"column":0},"end":{"line":2,"column":60}},"2":{"start":{"line":3,"column":0},"end":{"line":3,"column":44}},"3":{"start":{"line":4,"column":0},"end":{"line":4,"column":99}},"4":{"start":{"line":7,"column":0},"end":{"line":59,"column":0}},"5":{"start":{"line":20,"column":26},"end":{"line":20,"column":58}},"6":{"start":{"line":21,"column":8},"end":{"line":21,"column":28}},"7":{"start":{"line":9,"column":4},"end":{"line":11,"column":5}},"8":{"start":{"line":10,"column":8},"end":{"line":10,"column":27}},"9":{"start":{"line":14,"column":8},"end":{"line":14,"column":28}},"10":{"start":{"line":24,"column":11},"end":{"line":26,"column":5}},"11":{"start":{"line":25,"column":8},"end":{"line":25,"column":33}},"12":{"start":{"line":28,"column":11},"end":{"line":32,"column":5}},"13":{"start":{"line":29,"column":15},"end":{"line":29,"column":28}},"14":{"start":{"line":30,"column":8},"end":{"line":30,"column":28}},"15":{"start":{"line":31,"column":8},"end":{"line":31,"column":17}},"16":{"start":{"line":36,"column":14},"end":{"line":51,"column":5}},"17":{"start":{"line":38,"column":8},"end":{"line":46,"column":9}},"18":{"start":{"line":39,"column":12},"end":{"line":39,"column":50}},"19":{"start":{"line":40,"column":15},"end":{"line":46,"column":9}},"20":{"start":{"line":41,"column":12},"end":{"line":41,"column":35}},"21":{"start":{"line":42,"column":15},"end":{"line":46,"column":9}},"22":{"start":{"line":43,"column":12},"end":{"line":43,"column":45}},"23":{"start":{"line":45,"column":12},"end":{"line":45,"column":55}},"24":{"start":{"line":47,"column":8},"end":{"line":49,"column":9}},"25":{"start":{"line":48,"column":12},"end":{"line":48,"column":21}},"26":{"start":{"line":50,"column":8},"end":{"line":50,"column":90}},"27":{"start":{"line":53,"column":14},"end":{"line":57,"column":5}},"28":{"start":{"line":54,"column":41},"end":{"line":54,"column":49}},"29":{"start":{"line":55,"column":8},"end":{"line":55,"column":28}},"30":{"start":{"line":56,"column":8},"end":{"line":56,"column":24}},"31":{"start":{"line":59,"column":0},"end":{"line":59,"column":1}},"32":{"start":{"line":61,"column":0},"end":{"line":61,"column":30}}},"fnMap":{"0":{"name":"(anonymous_3)","decl":{"start":{"line":7,"column":0},"end":{"line":null,"column":-1}},"loc":{"start":{"line":7,"column":0},"end":{"line":7,"column":-1}}},"1":{"name":"AbstractSorter","decl":{"start":{"line":20,"column":4},"end":{"line":20,"column":25}},"loc":{"start":{"line":20,"column":58},"end":{"line":22,"column":5}}},"2":{"name":"(anonymous_5)","decl":{"start":{"line":9,"column":4},"end":{"line":null,"column":-1}},"loc":{"start":{"line":9,"column":4},"end":{"line":11,"column":5}}},"3":{"name":"(anonymous_6)","decl":{"start":{"line":13,"column":4},"end":{"line":13,"column":20}},"loc":{"start":{"line":13,"column":37},"end":{"line":15,"column":5}}},"4":{"name":"(anonymous_7)","decl":{"start":{"line":24,"column":4},"end":{"line":24,"column":22}},"loc":{"start":{"line":24,"column":64},"end":{"line":26,"column":5}}},"5":{"name":"(anonymous_8)","decl":{"start":{"line":28,"column":4},"end":{"line":28,"column":15}},"loc":{"start":{"line":28,"column":37},"end":{"line":32,"column":5}}},"6":{"name":"(anonymous_9)","decl":{"start":{"line":36,"column":4},"end":{"line":36,"column":21}},"loc":{"start":{"line":36,"column":66},"end":{"line":51,"column":5}}},"7":{"name":"(anonymous_10)","decl":{"start":{"line":53,"column":4},"end":{"line":53,"column":18}},"loc":{"start":{"line":53,"column":62},"end":{"line":57,"column":5}}}},"branchMap":{"0":{"loc":{"start":{"line":20,"column":26},"end":{"line":20,"column":58}},"type":"if","locations":[{"start":{"line":20,"column":26},"end":{"line":20,"column":58}},{"start":{"line":20,"column":26},"end":{"line":20,"column":58}}]},"1":{"loc":{"start":{"line":38,"column":8},"end":{"line":46,"column":9}},"type":"if","locations":[{"start":{"line":38,"column":8},"end":{"line":46,"column":9}},{"start":{"line":38,"column":8},"end":{"line":46,"column":9}}]},"2":{"loc":{"start":{"line":39,"column":31},"end":{"line":39,"column":32}},"type":"cond-expr","locations":[{"start":{"line":39,"column":31},"end":{"line":39,"column":32}},{"start":{"line":39,"column":35},"end":{"line":39,"column":49}}]},"3":{"loc":{"start":{"line":39,"column":43},"end":{"line":39,"column":44}},"type":"cond-expr","locations":[{"start":{"line":39,"column":43},"end":{"line":39,"column":44}},{"start":{"line":39,"column":47},"end":{"line":39,"column":49}}]},"4":{"loc":{"start":{"line":40,"column":15},"end":{"line":46,"column":9}},"type":"if","locations":[{"start":{"line":40,"column":15},"end":{"line":46,"column":9}},{"start":{"line":40,"column":15},"end":{"line":46,"column":9}}]},"5":{"loc":{"start":{"line":40,"column":19},"end":{"line":40,"column":34}},"type":"binary-expr","locations":[{"start":{"line":40,"column":19},"end":{"line":40,"column":34}},{"start":{"line":40,"column":38},"end":{"line":40,"column":53}}]},"6":{"loc":{"start":{"line":42,"column":15},"end":{"line":46,"column":9}},"type":"if","locations":[{"start":{"line":42,"column":15},"end":{"line":46,"column":9}},{"start":{"line":42,"column":15},"end":{"line":46,"column":9}}]},"7":{"loc":{"start":{"line":47,"column":8},"end":{"line":49,"column":9}},"type":"if","locations":[{"start":{"line":47,"column":8},"end":{"line":49,"column":9}},{"start":{"line":47,"column":8},"end":{"line":49,"column":9}}]},"8":{"loc":{"start":{"line":50,"column":47},"end":{"line":50,"column":53}},"type":"cond-expr","locations":[{"start":{"line":50,"column":47},"end":{"line":50,"column":53}},{"start":{"line":50,"column":56},"end":{"line":50,"column":67}}]}},"s":{"0":1,"1":1,"2":1,"3":1,"4":1,"5":13,"6":7,"7":1,"8":15178,"9":7,"10":1,"11":1,"12":1,"13":13,"14":13,"15":12,"16":1,"17":15209,"18":15151,"19":58,"20":27,"21":31,"22":30,"23":1,"24":15208,"25":30,"26":15178,"27":1,"28":14888,"29":14888,"30":14888,"31":1,"32":1},"f":{"0":1,"1":7,"2":15178,"3":7,"4":1,"5":13,"6":15209,"7":14888},"b":{"0":[6,1],"1":[15151,58],"2":[28,15123],"3":[0,15123],"4":[27,31],"5":[58,27],"6":[30,1],"7":[30,15178],"8":[305,14873]}}
,"/home/deepak/Desktop/crushers/cop/theorems/src/sorting/index.ts": {"path":"/home/deepak/Desktop/crushers/cop/theorems/src/sorting/index.ts","statementMap":{"0":{"start":{"line":1,"column":0},"end":{"line":1,"column":44}},"1":{"start":{"line":4,"column":4},"end":{"line":4,"column":14}}},"fnMap":{},"branchMap":{},"s":{"0":1,"1":1},"f":{},"b":{}}
,"/home/deepak/Desktop/crushers/cop/theorems/src/sorting/bubble/BubbleSort.ts": {"path":"/home/deepak/Desktop/crushers/cop/theorems/src/sorting/bubble/BubbleSort.ts","statementMap":{"0":{"start":{"line":3,"column":0},"end":{"line":3,"column":46}},"1":{"start":{"line":24,"column":0},"end":{"line":24,"column":45}},"2":{"start":{"line":24,"column":31},"end":{"line":24,"column":51}},"3":{"start":{"line":29,"column":11},"end":{"line":42,"column":5}},"4":{"start":{"line":30,"column":16},"end":{"line":30,"column":28}},"5":{"start":{"line":31,"column":8},"end":{"line":40,"column":25}},"6":{"start":{"line":32,"column":20},"end":{"line":32,"column":21}},"7":{"start":{"line":33,"column":12},"end":{"line":38,"column":13}},"8":{"start":{"line":34,"column":16},"end":{"line":37,"column":17}},"9":{"start":{"line":35,"column":20},"end":{"line":35,"column":47}},"10":{"start":{"line":36,"column":20},"end":{"line":36,"column":26}},"11":{"start":{"line":39,"column":12},"end":{"line":39,"column":18}},"12":{"start":{"line":41,"column":8},"end":{"line":41,"column":21}},"13":{"start":{"line":44,"column":0},"end":{"line":44,"column":1}},"14":{"start":{"line":46,"column":0},"end":{"line":46,"column":26}}},"fnMap":{"0":{"name":"(anonymous_7)","decl":{"start":{"line":24,"column":0},"end":{"line":null,"column":-1}},"loc":{"start":{"line":24,"column":0},"end":{"line":24,"column":-1}}},"1":{"name":"BubbleSort","decl":{"start":{"line":25,"column":4},"end":{"line":25,"column":15}},"loc":{"start":{"line":25,"column":33},"end":{"line":27,"column":5}}},"2":{"name":"(anonymous_9)","decl":{"start":{"line":29,"column":4},"end":{"line":29,"column":22}},"loc":{"start":{"line":29,"column":44},"end":{"line":42,"column":5}}}},"branchMap":{"0":{"loc":{"start":{"line":26,"column":8},"end":{"line":26,"column":20}},"type":"binary-expr","locations":[{"start":{"line":26,"column":8},"end":{"line":26,"column":20}},{"start":{"line":26,"column":20},"end":{"line":null,"column":-1}}]},"1":{"loc":{"start":{"line":34,"column":16},"end":{"line":37,"column":17}},"type":"if","locations":[{"start":{"line":34,"column":16},"end":{"line":37,"column":17}},{"start":{"line":34,"column":16},"end":{"line":37,"column":17}}]}},"s":{"0":1,"1":1,"2":1,"3":1,"4":15,"5":15,"6":330,"7":330,"8":15209,"9":14888,"10":14888,"11":329,"12":14,"13":1,"14":1},"f":{"0":1,"1":7,"2":15},"b":{"0":[7,7],"1":[14888,320]}}
}
