TN:
SF:/home/deepak/Desktop/crushers/cop/theorems/src/index.ts
FNF:0
FNH:0
DA:1,1
DA:3,1
DA:6,1
DA:7,1
LF:4
LH:4
BRF:0
BRH:0
end_of_record
TN:
SF:/home/deepak/Desktop/crushers/cop/theorems/src/enums/SortOrder.ts
FN:1,(anonymous_0)
FNF:1
FNH:1
FNDA:1,(anonymous_0)
DA:1,1
DA:2,1
DA:3,1
DA:6,1
LF:4
LH:4
BRDA:1,0,0,1
BRDA:1,0,1,1
BRF:2
BRH:2
end_of_record
TN:
SF:/home/deepak/Desktop/crushers/cop/theorems/src/enums/index.ts
FNF:0
FNH:0
DA:1,1
DA:4,1
LF:2
LH:2
BRF:0
BRH:0
end_of_record
TN:
SF:/home/deepak/Desktop/crushers/cop/theorems/src/exceptions/CompareNotImplemented.ts
FN:1,(anonymous_6)
FN:2,CompareNotImplementedException
FNF:2
FNH:2
FNDA:1,(anonymous_6)
FNDA:2,CompareNotImplementedException
DA:1,1
DA:5,1
DA:7,1
LF:3
LH:3
BRDA:3,0,0,2
BRDA:3,0,1,0
BRF:2
BRH:1
end_of_record
TN:
SF:/home/deepak/Desktop/crushers/cop/theorems/src/exceptions/index.ts
FNF:0
FNH:0
DA:1,1
DA:4,1
LF:2
LH:2
BRF:0
BRH:0
end_of_record
TN:
SF:/home/deepak/Desktop/crushers/cop/theorems/src/helpers/types.ts
FN:3,(anonymous_1)
FNF:1
FNH:1
FNDA:15209,(anonymous_1)
DA:1,1
DA:3,15209
LF:2
LH:2
BRDA:3,0,0,15209
BRDA:3,0,1,15205
BRDA:3,0,2,58
BRF:3
BRH:3
end_of_record
TN:
SF:/home/deepak/Desktop/crushers/cop/theorems/src/interfaces/IComparable.ts
FN:7,isComparable
FN:11,compare
FNF:2
FNH:2
FNDA:85,isComparable
FNDA:27,compare
DA:7,1
DA:8,85
DA:11,1
DA:12,27
LF:4
LH:4
BRF:0
BRH:0
end_of_record
TN:
SF:/home/deepak/Desktop/crushers/cop/theorems/src/ml/models/BaseEstimator.ts
FN:4,(anonymous_0)
FN:7,(anonymous_2)
FNF:2
FNH:0
FNDA:0,(anonymous_0)
FNDA:0,(anonymous_2)
DA:4,0
DA:7,0
DA:8,0
DA:9,0
DA:13,0
DA:15,0
LF:6
LH:0
BRF:0
BRH:0
end_of_record
TN:
SF:/home/deepak/Desktop/crushers/cop/theorems/src/ml/models/BasePredictor.ts
FN:9,(anonymous_1)
FN:13,(anonymous_3)
FN:17,(anonymous_4)
FN:21,(anonymous_5)
FN:31,(anonymous_6)
FNF:5
FNH:5
FNDA:2,(anonymous_1)
FNDA:1,(anonymous_3)
FNDA:1,(anonymous_4)
FNDA:1,(anonymous_5)
FNDA:1,(anonymous_6)
DA:5,1
DA:9,1
DA:13,1
DA:14,1
DA:17,1
DA:18,1
DA:21,1
DA:22,1
DA:23,1
DA:24,1
DA:26,1
DA:31,1
DA:32,1
DA:33,0
DA:36,1
DA:38,1
LF:16
LH:15
BRDA:23,0,0,1
BRDA:23,0,1,0
BRDA:32,1,0,0
BRDA:32,1,1,1
BRDA:32,2,0,1
BRDA:32,2,1,1
BRF:6
BRH:4
end_of_record
TN:
SF:/home/deepak/Desktop/crushers/cop/theorems/src/ml/models/regression/linear/ols.ts
FN:9,(anonymous_9)
FN:11,(anonymous_11)
FN:15,(anonymous_12)
FN:19,(anonymous_13)
FN:25,(anonymous_14)
FN:31,(anonymous_15)
FN:35,(anonymous_16)
FN:38,(anonymous_17)
FN:60,(anonymous_18)
FN:63,(anonymous_19)
FNF:10
FNH:10
FNDA:2,(anonymous_9)
FNDA:3,(anonymous_11)
FNDA:1,(anonymous_12)
FNDA:5,(anonymous_13)
FNDA:1,(anonymous_14)
FNDA:1,(anonymous_15)
FNDA:3,(anonymous_16)
FNDA:1,(anonymous_17)
FNDA:3,(anonymous_18)
FNDA:6,(anonymous_19)
DA:5,1
DA:7,1
DA:9,1
DA:11,1
DA:12,3
DA:15,1
DA:16,1
DA:19,5
DA:25,1
DA:26,1
DA:27,1
DA:28,1
DA:31,1
DA:32,1
DA:33,0
DA:35,3
DA:38,1
DA:39,1
DA:40,1
DA:41,1
DA:45,1
DA:46,1
DA:51,1
DA:55,1
DA:56,1
DA:57,1
DA:60,1
DA:61,3
DA:62,3
DA:63,6
DA:66,1
DA:68,1
LF:32
LH:31
BRDA:32,0,0,0
BRDA:32,0,1,1
BRF:2
BRH:1
end_of_record
TN:
SF:/home/deepak/Desktop/crushers/cop/theorems/src/sorting/AbstractSorter.ts
FN:7,(anonymous_3)
FN:20,AbstractSorter
FN:9,(anonymous_5)
FN:13,(anonymous_6)
FN:24,(anonymous_7)
FN:28,(anonymous_8)
FN:36,(anonymous_9)
FN:53,(anonymous_10)
FNF:8
FNH:8
FNDA:1,(anonymous_3)
FNDA:7,AbstractSorter
FNDA:15173,(anonymous_5)
FNDA:7,(anonymous_6)
FNDA:1,(anonymous_7)
FNDA:13,(anonymous_8)
FNDA:15209,(anonymous_9)
FNDA:14885,(anonymous_10)
DA:1,1
DA:2,1
DA:3,1
DA:4,1
DA:7,1
DA:9,1
DA:10,15173
DA:14,7
DA:20,13
DA:21,7
DA:24,1
DA:25,1
DA:28,1
DA:29,13
DA:30,13
DA:31,12
DA:36,1
DA:38,15209
DA:39,15151
DA:40,58
DA:41,27
DA:42,31
DA:43,30
DA:45,1
DA:47,15208
DA:48,35
DA:50,15173
DA:53,1
DA:54,14885
DA:55,14885
DA:56,14885
DA:59,1
DA:61,1
LF:33
LH:33
BRDA:20,0,0,6
BRDA:20,0,1,1
BRDA:38,1,0,15151
BRDA:38,1,1,58
BRDA:39,2,0,33
BRDA:39,2,1,15118
BRDA:39,3,0,0
BRDA:39,3,1,15118
BRDA:40,4,0,27
BRDA:40,4,1,31
BRDA:40,5,0,58
BRDA:40,5,1,27
BRDA:42,6,0,30
BRDA:42,6,1,1
BRDA:47,7,0,35
BRDA:47,7,1,15173
BRDA:50,8,0,303
BRDA:50,8,1,14870
BRF:18
BRH:17
end_of_record
TN:
SF:/home/deepak/Desktop/crushers/cop/theorems/src/sorting/index.ts
FNF:0
FNH:0
DA:1,1
DA:4,1
LF:2
LH:2
BRF:0
BRH:0
end_of_record
TN:
SF:/home/deepak/Desktop/crushers/cop/theorems/src/sorting/bubble/BubbleSort.ts
FN:24,(anonymous_7)
FN:25,BubbleSort
FN:29,(anonymous_9)
FNF:3
FNH:3
FNDA:1,(anonymous_7)
FNDA:7,BubbleSort
FNDA:15,(anonymous_9)
DA:3,1
DA:24,1
DA:29,1
DA:30,15
DA:31,15
DA:32,330
DA:33,330
DA:34,15209
DA:35,14885
DA:36,14885
DA:39,329
DA:41,14
DA:44,1
DA:46,1
LF:14
LH:14
BRDA:26,0,0,7
BRDA:26,0,1,7
BRDA:34,1,0,14885
BRDA:34,1,1,323
BRF:4
BRH:4
end_of_record
