TN:
SF:/home/deepak/Desktop/crushers/cop/theorems/src/index.ts
FNF:0
FNH:0
DA:1,1
DA:2,1
DA:6,1
DA:7,1
LF:4
LH:4
BRF:0
BRH:0
end_of_record
TN:
SF:/home/deepak/Desktop/crushers/cop/theorems/src/enums/SortOrder.ts
FN:1,(anonymous_0)
FNF:1
FNH:1
FNDA:1,(anonymous_0)
DA:1,1
DA:2,1
DA:3,1
DA:6,1
LF:4
LH:4
BRDA:1,0,0,1
BRDA:1,0,1,1
BRF:2
BRH:2
end_of_record
TN:
SF:/home/deepak/Desktop/crushers/cop/theorems/src/enums/index.ts
FNF:0
FNH:0
DA:1,1
DA:4,1
LF:2
LH:2
BRF:0
BRH:0
end_of_record
TN:
SF:/home/deepak/Desktop/crushers/cop/theorems/src/exceptions/CompareNotImplemented.ts
FN:1,(anonymous_6)
FN:2,CompareNotImplementedException
FNF:2
FNH:2
FNDA:1,(anonymous_6)
FNDA:2,CompareNotImplementedException
DA:1,1
DA:5,1
DA:7,1
LF:3
LH:3
BRDA:3,0,0,2
BRDA:3,0,1,0
BRF:2
BRH:1
end_of_record
TN:
SF:/home/deepak/Desktop/crushers/cop/theorems/src/exceptions/index.ts
FNF:0
FNH:0
DA:1,1
DA:4,1
LF:2
LH:2
BRF:0
BRH:0
end_of_record
TN:
SF:/home/deepak/Desktop/crushers/cop/theorems/src/interfaces/IComparable.ts
FN:7,isComparable
FN:11,compare
FNF:2
FNH:2
FNDA:85,isComparable
FNDA:27,compare
DA:7,1
DA:8,85
DA:11,1
DA:12,27
LF:4
LH:4
BRF:0
BRH:0
end_of_record
TN:
SF:/home/deepak/Desktop/crushers/cop/theorems/src/sorting/AbstractSorter.ts
FN:7,(anonymous_3)
FN:19,AbstractSorter
FN:11,(anonymous_5)
FN:15,(anonymous_6)
FN:23,(anonymous_7)
FN:27,(anonymous_8)
FN:50,(anonymous_9)
FN:56,(anonymous_10)
FNF:8
FNH:8
FNDA:1,(anonymous_3)
FNDA:7,AbstractSorter
FNDA:15178,(anonymous_5)
FNDA:7,(anonymous_6)
FNDA:1,(anonymous_7)
FNDA:15209,(anonymous_8)
FNDA:14888,(anonymous_9)
FNDA:13,(anonymous_10)
DA:1,1
DA:2,1
DA:3,1
DA:5,1
DA:7,1
DA:11,1
DA:12,15178
DA:16,7
DA:19,13
DA:20,7
DA:23,1
DA:24,1
DA:27,1
DA:29,15209
DA:30,15151
DA:31,28
DA:33,15123
DA:35,58
DA:36,27
DA:37,27
DA:38,2
DA:41,31
DA:42,30
DA:45,1
DA:47,15178
DA:50,1
DA:51,14888
DA:52,14888
DA:53,14888
DA:56,1
DA:57,13
DA:58,13
DA:59,12
DA:64,1
DA:66,1
LF:35
LH:35
BRDA:19,0,0,6
BRDA:19,0,1,1
BRDA:29,1,0,15151
BRDA:29,1,1,58
BRDA:29,2,0,15209
BRDA:29,2,1,15205
BRDA:29,2,2,58
BRDA:30,3,0,28
BRDA:30,3,1,15123
BRDA:33,4,0,0
BRDA:33,4,1,15123
BRDA:35,5,0,27
BRDA:35,5,1,31
BRDA:35,6,0,58
BRDA:35,6,1,27
BRDA:37,7,0,2
BRDA:37,7,1,25
BRDA:41,8,0,30
BRDA:41,8,1,1
BRDA:47,9,0,305
BRDA:47,9,1,14873
BRF:21
BRH:20
end_of_record
TN:
SF:/home/deepak/Desktop/crushers/cop/theorems/src/sorting/index.ts
FNF:0
FNH:0
DA:1,1
DA:4,1
LF:2
LH:2
BRF:0
BRH:0
end_of_record
TN:
SF:/home/deepak/Desktop/crushers/cop/theorems/src/sorting/bubble/BubbleSort.ts
FN:24,(anonymous_7)
FN:25,BubbleSort
FN:30,(anonymous_9)
FNF:3
FNH:3
FNDA:1,(anonymous_7)
FNDA:7,BubbleSort
FNDA:15,(anonymous_9)
DA:1,1
DA:24,1
DA:30,1
DA:31,15
DA:32,15
DA:33,330
DA:34,330
DA:35,15209
DA:36,14888
DA:37,14888
DA:40,329
DA:42,14
DA:45,1
DA:47,1
LF:14
LH:14
BRDA:26,0,0,7
BRDA:26,0,1,7
BRDA:35,1,0,14888
BRDA:35,1,1,320
BRF:4
BRH:4
end_of_record
